生成启动时间为 2017/3/25 15:19:55。
     1>项目“C:\Users\wangqiyuan\Documents\Visual Studio 2012\Projects\openglTutorial\openglTutorial\openglTutorial.vcxproj”在节点 2 上(Build 个目标)。
     1>Link:
         C:\Program Files (x86)\Microsoft Visual Studio 11.0\VC\bin\link.exe /ERRORREPORT:PROMPT /OUT:"C:\Users\wangqiyuan\Documents\Visual Studio 2012\Projects\openglTutorial\Debug\openglTutorial.exe" /INCREMENTAL /NOLOGO opengl32.lib glfw3.lib glew32s.lib SOIL.lib kernel32.lib user32.lib gdi32.lib winspool.lib comdlg32.lib advapi32.lib shell32.lib ole32.lib oleaut32.lib uuid.lib odbc32.lib odbccp32.lib /MANIFEST /MANIFESTUAC:"level='asInvoker' uiAccess='false'" /manifest:embed /DEBUG /PDB:"C:\Users\wangqiyuan\Documents\Visual Studio 2012\Projects\openglTutorial\Debug\openglTutorial.pdb" /TLBID:1 /DYNAMICBASE /NXCOMPAT /IMPLIB:"C:\Users\wangqiyuan\Documents\Visual Studio 2012\Projects\openglTutorial\Debug\openglTutorial.lib" /MACHINE:X86 Debug\main.obj
         Debug\Shader.obj
     1>LINK : warning LNK4098: 默认库“MSVCRT”与其他库的使用冲突；请使用 /NODEFAULTLIB:library
     1>LINK : warning LNK4098: 默认库“LIBCMT”与其他库的使用冲突；请使用 /NODEFAULTLIB:library
     1>Shader.obj : warning LNK4049: 已导入本地定义的符号 ___glewAttachShader
     1>Shader.obj : warning LNK4049: 已导入本地定义的符号 ___glewCompileShader
     1>Shader.obj : warning LNK4049: 已导入本地定义的符号 ___glewCreateProgram
     1>Shader.obj : warning LNK4049: 已导入本地定义的符号 ___glewCreateShader
     1>Shader.obj : warning LNK4049: 已导入本地定义的符号 ___glewDeleteShader
     1>Shader.obj : warning LNK4049: 已导入本地定义的符号 ___glewGetProgramInfoLog
     1>Shader.obj : warning LNK4049: 已导入本地定义的符号 ___glewGetProgramiv
     1>Shader.obj : warning LNK4049: 已导入本地定义的符号 ___glewGetShaderInfoLog
     1>Shader.obj : warning LNK4049: 已导入本地定义的符号 ___glewGetShaderiv
     1>Shader.obj : warning LNK4049: 已导入本地定义的符号 ___glewLinkProgram
     1>Shader.obj : warning LNK4049: 已导入本地定义的符号 ___glewShaderSource
     1>Shader.obj : warning LNK4049: 已导入本地定义的符号 ___glewUseProgram
     1>glew32s.lib(glew.obj) : warning LNK4099: 未找到 PDB“vc120.pdb”(使用“glew32s.lib(glew.obj)”或在“C:\Users\wangqiyuan\Documents\Visual Studio 2012\Projects\openglTutorial\Debug\vc120.pdb”中寻找)；正在链接对象，如同没有调试信息一样
         openglTutorial.vcxproj -> C:\Users\wangqiyuan\Documents\Visual Studio 2012\Projects\openglTutorial\Debug\openglTutorial.exe
     1>已完成生成项目“C:\Users\wangqiyuan\Documents\Visual Studio 2012\Projects\openglTutorial\openglTutorial\openglTutorial.vcxproj”(Build 个目标)的操作。

生成成功。

已用时间 00:00:01.33
